This is pdfTeX, Version 3.1415926-2.5-1.40.14 (TeX Live 2013) (format=pdflatex 2013.5.30)  11 FEB 2015 16:37
entering extended mode
 \write18 enabled.
 file:line:error style messages enabled.
 %&-line parsing enabled.
**PolygonSolidLogbook.tex
(./PolygonSolidLogbook.tex
LaTeX2e <2011/06/27>
Babel <3.9f> and hyphenation patterns for 78 languages loaded.
(/usr/local/texlive/2013/texmf-dist/tex/latex/base/article.cls
Document Class: article 2007/10/19 v1.4h Standard LaTeX document class
(/usr/local/texlive/2013/texmf-dist/tex/latex/base/size12.clo
File: size12.clo 2007/10/19 v1.4h Standard LaTeX file (size option)
)
\c@part=\count79
\c@section=\count80
\c@subsection=\count81
\c@subsubsection=\count82
\c@paragraph=\count83
\c@subparagraph=\count84
\c@figure=\count85
\c@table=\count86
\abovecaptionskip=\skip41
\belowcaptionskip=\skip42
\bibindent=\dimen102
)
(/usr/local/texlive/2013/texmf-dist/tex/latex/geometry/geometry.sty
Package: geometry 2010/09/12 v5.6 Page Geometry

(/usr/local/texlive/2013/texmf-dist/tex/latex/graphics/keyval.sty
Package: keyval 1999/03/16 v1.13 key=value parser (DPC)
\KV@toks@=\toks14
)
(/usr/local/texlive/2013/texmf-dist/tex/generic/oberdiek/ifpdf.sty
Package: ifpdf 2011/01/30 v2.3 Provides the ifpdf switch (HO)
Package ifpdf Info: pdfTeX in PDF mode is detected.
)
(/usr/local/texlive/2013/texmf-dist/tex/generic/oberdiek/ifvtex.sty
Package: ifvtex 2010/03/01 v1.5 Detect VTeX and its facilities (HO)
Package ifvtex Info: VTeX not detected.
)
(/usr/local/texlive/2013/texmf-dist/tex/generic/ifxetex/ifxetex.sty
Package: ifxetex 2010/09/12 v0.6 Provides ifxetex conditional
)
\Gm@cnth=\count87
\Gm@cntv=\count88
\c@Gm@tempcnt=\count89
\Gm@bindingoffset=\dimen103
\Gm@wd@mp=\dimen104
\Gm@odd@mp=\dimen105
\Gm@even@mp=\dimen106
\Gm@layoutwidth=\dimen107
\Gm@layoutheight=\dimen108
\Gm@layouthoffset=\dimen109
\Gm@layoutvoffset=\dimen110
\Gm@dimlist=\toks15
)
(/usr/local/texlive/2013/texmf-dist/tex/latex/parskip/parskip.sty
Package: parskip 2001/04/09 non-zero parskip adjustments
)
(/usr/local/texlive/2013/texmf-dist/tex/latex/graphics/graphicx.sty
Package: graphicx 1999/02/16 v1.0f Enhanced LaTeX Graphics (DPC,SPQR)

(/usr/local/texlive/2013/texmf-dist/tex/latex/graphics/graphics.sty
Package: graphics 2009/02/05 v1.0o Standard LaTeX Graphics (DPC,SPQR)

(/usr/local/texlive/2013/texmf-dist/tex/latex/graphics/trig.sty
Package: trig 1999/03/16 v1.09 sin cos tan (DPC)
)
(/usr/local/texlive/2013/texmf-dist/tex/latex/latexconfig/graphics.cfg
File: graphics.cfg 2010/04/23 v1.9 graphics configuration of TeX Live
)
Package graphics Info: Driver file: pdftex.def on input line 91.

(/usr/local/texlive/2013/texmf-dist/tex/latex/pdftex-def/pdftex.def
File: pdftex.def 2011/05/27 v0.06d Graphics/color for pdfTeX

(/usr/local/texlive/2013/texmf-dist/tex/generic/oberdiek/infwarerr.sty
Package: infwarerr 2010/04/08 v1.3 Providing info/warning/error messages (HO)
)
(/usr/local/texlive/2013/texmf-dist/tex/generic/oberdiek/ltxcmds.sty
Package: ltxcmds 2011/11/09 v1.22 LaTeX kernel commands for general use (HO)
)
\Gread@gobject=\count90
))
\Gin@req@height=\dimen111
\Gin@req@width=\dimen112
)
(/usr/local/texlive/2013/texmf-dist/tex/latex/amsfonts/amssymb.sty
Package: amssymb 2013/01/14 v3.01 AMS font symbols

(/usr/local/texlive/2013/texmf-dist/tex/latex/amsfonts/amsfonts.sty
Package: amsfonts 2013/01/14 v3.01 Basic AMSFonts support
\@emptytoks=\toks16
\symAMSa=\mathgroup4
\symAMSb=\mathgroup5
LaTeX Font Info:    Overwriting math alphabet `\mathfrak' in version `bold'
(Font)                  U/euf/m/n --> U/euf/b/n on input line 106.
))
(/usr/local/texlive/2013/texmf-dist/tex/latex/oberdiek/epstopdf.sty
Package: epstopdf 2010/02/09 v2.5 Conversion with epstopdf on the fly (HO)

(/usr/local/texlive/2013/texmf-dist/tex/latex/oberdiek/epstopdf-base.sty
Package: epstopdf-base 2010/02/09 v2.5 Base part for package epstopdf

(/usr/local/texlive/2013/texmf-dist/tex/latex/oberdiek/grfext.sty
Package: grfext 2010/08/19 v1.1 Manage graphics extensions (HO)

(/usr/local/texlive/2013/texmf-dist/tex/generic/oberdiek/kvdefinekeys.sty
Package: kvdefinekeys 2011/04/07 v1.3 Define keys (HO)
))
(/usr/local/texlive/2013/texmf-dist/tex/latex/oberdiek/kvoptions.sty
Package: kvoptions 2011/06/30 v3.11 Key value format for package options (HO)

(/usr/local/texlive/2013/texmf-dist/tex/generic/oberdiek/kvsetkeys.sty
Package: kvsetkeys 2012/04/25 v1.16 Key value parser (HO)

(/usr/local/texlive/2013/texmf-dist/tex/generic/oberdiek/etexcmds.sty
Package: etexcmds 2011/02/16 v1.5 Avoid name clashes with e-TeX commands (HO)

(/usr/local/texlive/2013/texmf-dist/tex/generic/oberdiek/ifluatex.sty
Package: ifluatex 2010/03/01 v1.3 Provides the ifluatex switch (HO)
Package ifluatex Info: LuaTeX not detected.
)
Package etexcmds Info: Could not find \expanded.
(etexcmds)             That can mean that you are not using pdfTeX 1.50 or
(etexcmds)             that some package has redefined \expanded.
(etexcmds)             In the latter case, load this package earlier.
)))
(/usr/local/texlive/2013/texmf-dist/tex/generic/oberdiek/pdftexcmds.sty
Package: pdftexcmds 2011/11/29 v0.20 Utility functions of pdfTeX for LuaTeX (HO
)
Package pdftexcmds Info: LuaTeX not detected.
Package pdftexcmds Info: \pdf@primitive is available.
Package pdftexcmds Info: \pdf@ifprimitive is available.
Package pdftexcmds Info: \pdfdraftmode found.
)
Package grfext Info: Graphics extension search list:
(grfext)             [.png,.pdf,.jpg,.mps,.jpeg,.jbig2,.jb2,.PNG,.PDF,.JPG,.JPE
G,.JBIG2,.JB2,.eps]
(grfext)             \AppendGraphicsExtensions on input line 452.

(/usr/local/texlive/2013/texmf-dist/tex/latex/latexconfig/epstopdf-sys.cfg
File: epstopdf-sys.cfg 2010/07/13 v1.3 Configuration of (r)epstopdf for TeX Liv
e
)))
(/usr/local/texlive/2013/texmf-dist/tex/latex/listings/listings.sty
\lst@mode=\count91
\lst@gtempboxa=\box26
\lst@token=\toks17
\lst@length=\count92
\lst@currlwidth=\dimen113
\lst@column=\count93
\lst@pos=\count94
\lst@lostspace=\dimen114
\lst@width=\dimen115
\lst@newlines=\count95
\lst@lineno=\count96
\lst@maxwidth=\dimen116

(/usr/local/texlive/2013/texmf-dist/tex/latex/listings/lstmisc.sty
File: lstmisc.sty 2007/02/22 1.4 (Carsten Heinz)
\c@lstnumber=\count97
\lst@skipnumbers=\count98
\lst@framebox=\box27
)
(/usr/local/texlive/2013/texmf-dist/tex/latex/listings/listings.cfg
File: listings.cfg 2007/02/22 1.4 listings configuration
))
Package: listings 2007/02/22 1.4 (Carsten Heinz)

(/usr/local/texlive/2013/texmf-dist/tex/latex/graphics/color.sty
Package: color 2005/11/14 v1.0j Standard LaTeX Color (DPC)

(/usr/local/texlive/2013/texmf-dist/tex/latex/latexconfig/color.cfg
File: color.cfg 2007/01/18 v1.5 color configuration of teTeX/TeXLive
)
Package color Info: Driver file: pdftex.def on input line 130.
)
(/usr/local/texlive/2013/texmf-dist/tex/latex/amsmath/amsmath.sty
Package: amsmath 2013/01/14 v2.14 AMS math features
\@mathmargin=\skip43

For additional information on amsmath, use the `?' option.
(/usr/local/texlive/2013/texmf-dist/tex/latex/amsmath/amstext.sty
Package: amstext 2000/06/29 v2.01

(/usr/local/texlive/2013/texmf-dist/tex/latex/amsmath/amsgen.sty
File: amsgen.sty 1999/11/30 v2.0
\@emptytoks=\toks18
\ex@=\dimen117
))
(/usr/local/texlive/2013/texmf-dist/tex/latex/amsmath/amsbsy.sty
Package: amsbsy 1999/11/29 v1.2d
\pmbraise@=\dimen118
)
(/usr/local/texlive/2013/texmf-dist/tex/latex/amsmath/amsopn.sty
Package: amsopn 1999/12/14 v2.01 operator names
)
\inf@bad=\count99
LaTeX Info: Redefining \frac on input line 210.
\uproot@=\count100
\leftroot@=\count101
LaTeX Info: Redefining \overline on input line 306.
\classnum@=\count102
\DOTSCASE@=\count103
LaTeX Info: Redefining \ldots on input line 378.
LaTeX Info: Redefining \dots on input line 381.
LaTeX Info: Redefining \cdots on input line 466.
\Mathstrutbox@=\box28
\strutbox@=\box29
\big@size=\dimen119
LaTeX Font Info:    Redeclaring font encoding OML on input line 566.
LaTeX Font Info:    Redeclaring font encoding OMS on input line 567.
\macc@depth=\count104
\c@MaxMatrixCols=\count105
\dotsspace@=\muskip10
\c@parentequation=\count106
\dspbrk@lvl=\count107
\tag@help=\toks19
\row@=\count108
\column@=\count109
\maxfields@=\count110
\andhelp@=\toks20
\eqnshift@=\dimen120
\alignsep@=\dimen121
\tagshift@=\dimen122
\tagwidth@=\dimen123
\totwidth@=\dimen124
\lineht@=\dimen125
\@envbody=\toks21
\multlinegap=\skip44
\multlinetaggap=\skip45
\mathdisplay@stack=\toks22
LaTeX Info: Redefining \[ on input line 2665.
LaTeX Info: Redefining \] on input line 2666.
)
(/usr/local/texlive/2013/texmf-dist/tex/latex/pgf/frontendlayer/tikz.sty
(/usr/local/texlive/2013/texmf-dist/tex/latex/pgf/basiclayer/pgf.sty
(/usr/local/texlive/2013/texmf-dist/tex/latex/pgf/utilities/pgfrcs.sty
(/usr/local/texlive/2013/texmf-dist/tex/generic/pgf/utilities/pgfutil-common.te
x
\pgfutil@everybye=\toks23
)
(/usr/local/texlive/2013/texmf-dist/tex/generic/pgf/utilities/pgfutil-latex.def
\pgfutil@abb=\box30
(/usr/local/texlive/2013/texmf-dist/tex/latex/ms/everyshi.sty
Package: everyshi 2001/05/15 v3.00 EveryShipout Package (MS)
))
(/usr/local/texlive/2013/texmf-dist/tex/generic/pgf/utilities/pgfrcs.code.tex
Package: pgfrcs 2010/10/25 v2.10 (rcs-revision 1.24)
))
Package: pgf 2008/01/15 v2.10 (rcs-revision 1.12)
(/usr/local/texlive/2013/texmf-dist/tex/latex/pgf/basiclayer/pgfcore.sty
(/usr/local/texlive/2013/texmf-dist/tex/latex/pgf/systemlayer/pgfsys.sty
(/usr/local/texlive/2013/texmf-dist/tex/generic/pgf/systemlayer/pgfsys.code.tex
Package: pgfsys 2010/06/30 v2.10 (rcs-revision 1.37)
(/usr/local/texlive/2013/texmf-dist/tex/generic/pgf/utilities/pgfkeys.code.tex
\pgfkeys@pathtoks=\toks24
\pgfkeys@temptoks=\toks25

(/usr/local/texlive/2013/texmf-dist/tex/generic/pgf/utilities/pgfkeysfiltered.c
ode.tex
\pgfkeys@tmptoks=\toks26
))
\pgf@x=\dimen126
\pgf@y=\dimen127
\pgf@xa=\dimen128
\pgf@ya=\dimen129
\pgf@xb=\dimen130
\pgf@yb=\dimen131
\pgf@xc=\dimen132
\pgf@yc=\dimen133
\w@pgf@writea=\write3
\r@pgf@reada=\read1
\c@pgf@counta=\count111
\c@pgf@countb=\count112
\c@pgf@countc=\count113
\c@pgf@countd=\count114

(/usr/local/texlive/2013/texmf-dist/tex/generic/pgf/systemlayer/pgf.cfg
File: pgf.cfg 2008/05/14  (rcs-revision 1.7)
)
Package pgfsys Info: Driver file for pgf: pgfsys-pdftex.def on input line 900.

(/usr/local/texlive/2013/texmf-dist/tex/generic/pgf/systemlayer/pgfsys-pdftex.d
ef
File: pgfsys-pdftex.def 2009/05/22  (rcs-revision 1.26)

(/usr/local/texlive/2013/texmf-dist/tex/generic/pgf/systemlayer/pgfsys-common-p
df.def
File: pgfsys-common-pdf.def 2008/05/19  (rcs-revision 1.10)
)))
(/usr/local/texlive/2013/texmf-dist/tex/generic/pgf/systemlayer/pgfsyssoftpath.
code.tex
File: pgfsyssoftpath.code.tex 2008/07/18  (rcs-revision 1.7)
\pgfsyssoftpath@smallbuffer@items=\count115
\pgfsyssoftpath@bigbuffer@items=\count116
)
(/usr/local/texlive/2013/texmf-dist/tex/generic/pgf/systemlayer/pgfsysprotocol.
code.tex
File: pgfsysprotocol.code.tex 2006/10/16  (rcs-revision 1.4)
)) (/usr/local/texlive/2013/texmf-dist/tex/latex/xcolor/xcolor.sty
Package: xcolor 2007/01/21 v2.11 LaTeX color extensions (UK)

(/usr/local/texlive/2013/texmf-dist/tex/latex/latexconfig/color.cfg
File: color.cfg 2007/01/18 v1.5 color configuration of teTeX/TeXLive
)
Package xcolor Info: Driver file: pdftex.def on input line 225.
LaTeX Info: Redefining \color on input line 702.
Package xcolor Info: Model `cmy' substituted by `cmy0' on input line 1337.
Package xcolor Info: Model `hsb' substituted by `rgb' on input line 1341.
Package xcolor Info: Model `RGB' extended on input line 1353.
Package xcolor Info: Model `HTML' substituted by `rgb' on input line 1355.
Package xcolor Info: Model `Hsb' substituted by `hsb' on input line 1356.
Package xcolor Info: Model `tHsb' substituted by `hsb' on input line 1357.
Package xcolor Info: Model `HSB' substituted by `hsb' on input line 1358.
Package xcolor Info: Model `Gray' substituted by `gray' on input line 1359.
Package xcolor Info: Model `wave' substituted by `hsb' on input line 1360.
)
(/usr/local/texlive/2013/texmf-dist/tex/generic/pgf/basiclayer/pgfcore.code.tex
Package: pgfcore 2010/04/11 v2.10 (rcs-revision 1.7)
(/usr/local/texlive/2013/texmf-dist/tex/generic/pgf/math/pgfmath.code.tex
(/usr/local/texlive/2013/texmf-dist/tex/generic/pgf/math/pgfmathcalc.code.tex
(/usr/local/texlive/2013/texmf-dist/tex/generic/pgf/math/pgfmathutil.code.tex)
(/usr/local/texlive/2013/texmf-dist/tex/generic/pgf/math/pgfmathparser.code.tex
\pgfmath@dimen=\dimen134
\pgfmath@count=\count117
\pgfmath@box=\box31
\pgfmath@toks=\toks27
\pgfmath@stack@operand=\toks28
\pgfmath@stack@operation=\toks29
)
(/usr/local/texlive/2013/texmf-dist/tex/generic/pgf/math/pgfmathfunctions.code.
tex
(/usr/local/texlive/2013/texmf-dist/tex/generic/pgf/math/pgfmathfunctions.basic
.code.tex)
(/usr/local/texlive/2013/texmf-dist/tex/generic/pgf/math/pgfmathfunctions.trigo
nometric.code.tex)
(/usr/local/texlive/2013/texmf-dist/tex/generic/pgf/math/pgfmathfunctions.rando
m.code.tex)
(/usr/local/texlive/2013/texmf-dist/tex/generic/pgf/math/pgfmathfunctions.compa
rison.code.tex)
(/usr/local/texlive/2013/texmf-dist/tex/generic/pgf/math/pgfmathfunctions.base.
code.tex)
(/usr/local/texlive/2013/texmf-dist/tex/generic/pgf/math/pgfmathfunctions.round
.code.tex)
(/usr/local/texlive/2013/texmf-dist/tex/generic/pgf/math/pgfmathfunctions.misc.
code.tex)))
(/usr/local/texlive/2013/texmf-dist/tex/generic/pgf/math/pgfmathfloat.code.tex
\c@pgfmathroundto@lastzeros=\count118
))
(/usr/local/texlive/2013/texmf-dist/tex/generic/pgf/basiclayer/pgfcorepoints.co
de.tex
File: pgfcorepoints.code.tex 2010/04/09  (rcs-revision 1.20)
\pgf@picminx=\dimen135
\pgf@picmaxx=\dimen136
\pgf@picminy=\dimen137
\pgf@picmaxy=\dimen138
\pgf@pathminx=\dimen139
\pgf@pathmaxx=\dimen140
\pgf@pathminy=\dimen141
\pgf@pathmaxy=\dimen142
\pgf@xx=\dimen143
\pgf@xy=\dimen144
\pgf@yx=\dimen145
\pgf@yy=\dimen146
\pgf@zx=\dimen147
\pgf@zy=\dimen148
)
(/usr/local/texlive/2013/texmf-dist/tex/generic/pgf/basiclayer/pgfcorepathconst
ruct.code.tex
File: pgfcorepathconstruct.code.tex 2010/08/03  (rcs-revision 1.24)
\pgf@path@lastx=\dimen149
\pgf@path@lasty=\dimen150
)
(/usr/local/texlive/2013/texmf-dist/tex/generic/pgf/basiclayer/pgfcorepathusage
.code.tex
File: pgfcorepathusage.code.tex 2008/04/22  (rcs-revision 1.12)
\pgf@shorten@end@additional=\dimen151
\pgf@shorten@start@additional=\dimen152
)
(/usr/local/texlive/2013/texmf-dist/tex/generic/pgf/basiclayer/pgfcorescopes.co
de.tex
File: pgfcorescopes.code.tex 2010/09/08  (rcs-revision 1.34)
\pgfpic=\box32
\pgf@hbox=\box33
\pgf@layerbox@main=\box34
\pgf@picture@serial@count=\count119
)
(/usr/local/texlive/2013/texmf-dist/tex/generic/pgf/basiclayer/pgfcoregraphicst
ate.code.tex
File: pgfcoregraphicstate.code.tex 2008/04/22  (rcs-revision 1.9)
\pgflinewidth=\dimen153
)
(/usr/local/texlive/2013/texmf-dist/tex/generic/pgf/basiclayer/pgfcoretransform
ations.code.tex
File: pgfcoretransformations.code.tex 2009/06/10  (rcs-revision 1.11)
\pgf@pt@x=\dimen154
\pgf@pt@y=\dimen155
\pgf@pt@temp=\dimen156
)
(/usr/local/texlive/2013/texmf-dist/tex/generic/pgf/basiclayer/pgfcorequick.cod
e.tex
File: pgfcorequick.code.tex 2008/10/09  (rcs-revision 1.3)
)
(/usr/local/texlive/2013/texmf-dist/tex/generic/pgf/basiclayer/pgfcoreobjects.c
ode.tex
File: pgfcoreobjects.code.tex 2006/10/11  (rcs-revision 1.2)
)
(/usr/local/texlive/2013/texmf-dist/tex/generic/pgf/basiclayer/pgfcorepathproce
ssing.code.tex
File: pgfcorepathprocessing.code.tex 2008/10/09  (rcs-revision 1.8)
)
(/usr/local/texlive/2013/texmf-dist/tex/generic/pgf/basiclayer/pgfcorearrows.co
de.tex
File: pgfcorearrows.code.tex 2008/04/23  (rcs-revision 1.11)
)
(/usr/local/texlive/2013/texmf-dist/tex/generic/pgf/basiclayer/pgfcoreshade.cod
e.tex
File: pgfcoreshade.code.tex 2008/11/23  (rcs-revision 1.13)
\pgf@max=\dimen157
\pgf@sys@shading@range@num=\count120
)
(/usr/local/texlive/2013/texmf-dist/tex/generic/pgf/basiclayer/pgfcoreimage.cod
e.tex
File: pgfcoreimage.code.tex 2010/03/25  (rcs-revision 1.16)

(/usr/local/texlive/2013/texmf-dist/tex/generic/pgf/basiclayer/pgfcoreexternal.
code.tex
File: pgfcoreexternal.code.tex 2010/09/01  (rcs-revision 1.17)
\pgfexternal@startupbox=\box35
))
(/usr/local/texlive/2013/texmf-dist/tex/generic/pgf/basiclayer/pgfcorelayers.co
de.tex
File: pgfcorelayers.code.tex 2010/08/27  (rcs-revision 1.2)
)
(/usr/local/texlive/2013/texmf-dist/tex/generic/pgf/basiclayer/pgfcoretranspare
ncy.code.tex
File: pgfcoretransparency.code.tex 2008/01/17  (rcs-revision 1.2)
)
(/usr/local/texlive/2013/texmf-dist/tex/generic/pgf/basiclayer/pgfcorepatterns.
code.tex
File: pgfcorepatterns.code.tex 2009/07/02  (rcs-revision 1.3)
)))
(/usr/local/texlive/2013/texmf-dist/tex/generic/pgf/modules/pgfmoduleshapes.cod
e.tex
File: pgfmoduleshapes.code.tex 2010/09/09  (rcs-revision 1.13)
\pgfnodeparttextbox=\box36
)
(/usr/local/texlive/2013/texmf-dist/tex/generic/pgf/modules/pgfmoduleplot.code.
tex
File: pgfmoduleplot.code.tex 2010/10/22  (rcs-revision 1.8)
)
(/usr/local/texlive/2013/texmf-dist/tex/latex/pgf/compatibility/pgfcomp-version
-0-65.sty
Package: pgfcomp-version-0-65 2007/07/03 v2.10 (rcs-revision 1.7)
\pgf@nodesepstart=\dimen158
\pgf@nodesepend=\dimen159
)
(/usr/local/texlive/2013/texmf-dist/tex/latex/pgf/compatibility/pgfcomp-version
-1-18.sty
Package: pgfcomp-version-1-18 2007/07/23 v2.10 (rcs-revision 1.1)
))
(/usr/local/texlive/2013/texmf-dist/tex/latex/pgf/utilities/pgffor.sty
(/usr/local/texlive/2013/texmf-dist/tex/latex/pgf/utilities/pgfkeys.sty
(/usr/local/texlive/2013/texmf-dist/tex/generic/pgf/utilities/pgfkeys.code.tex)
) (/usr/local/texlive/2013/texmf-dist/tex/generic/pgf/utilities/pgffor.code.tex
Package: pgffor 2010/03/23 v2.10 (rcs-revision 1.18)
\pgffor@iter=\dimen160
\pgffor@skip=\dimen161
\pgffor@stack=\toks30
\pgffor@toks=\toks31
))
(/usr/local/texlive/2013/texmf-dist/tex/generic/pgf/frontendlayer/tikz/tikz.cod
e.tex
Package: tikz 2010/10/13 v2.10 (rcs-revision 1.76)

(/usr/local/texlive/2013/texmf-dist/tex/generic/pgf/libraries/pgflibraryplothan
dlers.code.tex
File: pgflibraryplothandlers.code.tex 2010/05/31 v2.10 (rcs-revision 1.15)
\pgf@plot@mark@count=\count121
\pgfplotmarksize=\dimen162
)
\tikz@lastx=\dimen163
\tikz@lasty=\dimen164
\tikz@lastxsaved=\dimen165
\tikz@lastysaved=\dimen166
\tikzleveldistance=\dimen167
\tikzsiblingdistance=\dimen168
\tikz@figbox=\box37
\tikz@tempbox=\box38
\tikztreelevel=\count122
\tikznumberofchildren=\count123
\tikznumberofcurrentchild=\count124
\tikz@fig@count=\count125

(/usr/local/texlive/2013/texmf-dist/tex/generic/pgf/modules/pgfmodulematrix.cod
e.tex
File: pgfmodulematrix.code.tex 2010/08/24  (rcs-revision 1.4)
\pgfmatrixcurrentrow=\count126
\pgfmatrixcurrentcolumn=\count127
\pgf@matrix@numberofcolumns=\count128
)
\tikz@expandcount=\count129

(/usr/local/texlive/2013/texmf-dist/tex/generic/pgf/frontendlayer/tikz/librarie
s/tikzlibrarytopaths.code.tex
File: tikzlibrarytopaths.code.tex 2008/06/17 v2.10 (rcs-revision 1.2)
)))
(/usr/local/texlive/2013/texmf-dist/tex/latex/mh/mathtools.sty
Package: mathtools 2013/02/12 v1.13 mathematical typesetting tools

(/usr/local/texlive/2013/texmf-dist/tex/latex/tools/calc.sty
Package: calc 2007/08/22 v4.3 Infix arithmetic (KKT,FJ)
\calc@Acount=\count130
\calc@Bcount=\count131
\calc@Adimen=\dimen169
\calc@Bdimen=\dimen170
\calc@Askip=\skip46
\calc@Bskip=\skip47
LaTeX Info: Redefining \setlength on input line 76.
LaTeX Info: Redefining \addtolength on input line 77.
\calc@Ccount=\count132
\calc@Cskip=\skip48
)
(/usr/local/texlive/2013/texmf-dist/tex/latex/mh/mhsetup.sty
Package: mhsetup 2010/01/21 v1.2a programming setup (MH)
)
LaTeX Info: Thecontrolsequence`\['isalreadyrobust on input line 129.
LaTeX Info: Thecontrolsequence`\]'isalreadyrobust on input line 129.
\g_MT_multlinerow_int=\count133
\l_MT_multwidth_dim=\dimen171
\origjot=\skip49
\l_MT_shortvdotswithinadjustabove_dim=\dimen172
\l_MT_shortvdotswithinadjustbelow_dim=\dimen173
\l_MT_above_intertext_sep=\dimen174
\l_MT_below_intertext_sep=\dimen175
\l_MT_above_shortintertext_sep=\dimen176
\l_MT_below_shortintertext_sep=\dimen177
)
(/usr/local/texlive/2013/texmf-dist/tex/generic/pgf/frontendlayer/tikz/librarie
s/tikzlibrarydecorations.markings.code.tex
(/usr/local/texlive/2013/texmf-dist/tex/generic/pgf/frontendlayer/tikz/librarie
s/tikzlibrarydecorations.code.tex
(/usr/local/texlive/2013/texmf-dist/tex/generic/pgf/modules/pgfmoduledecoration
s.code.tex
\pgfdecoratedcompleteddistance=\dimen178
\pgfdecoratedremainingdistance=\dimen179
\pgfdecoratedinputsegmentcompleteddistance=\dimen180
\pgfdecoratedinputsegmentremainingdistance=\dimen181
\pgf@decorate@distancetomove=\dimen182
\pgf@decorate@repeatstate=\count134
\pgfdecorationsegmentamplitude=\dimen183
\pgfdecorationsegmentlength=\dimen184
)
\tikz@lib@dec@box=\box39
)
(/usr/local/texlive/2013/texmf-dist/tex/generic/pgf/libraries/decorations/pgfli
brarydecorations.markings.code.tex))
(/usr/local/texlive/2013/texmf-dist/tex/generic/pgf/frontendlayer/tikz/librarie
s/tikzlibraryarrows.code.tex
File: tikzlibraryarrows.code.tex 2008/01/09 v2.10 (rcs-revision 1.1)

(/usr/local/texlive/2013/texmf-dist/tex/generic/pgf/libraries/pgflibraryarrows.
code.tex
File: pgflibraryarrows.code.tex 2008/10/27 v2.10 (rcs-revision 1.9)
\arrowsize=\dimen185
)) (/usr/local/texlive/2013/texmf-dist/tex/latex/tools/bm.sty
Package: bm 2004/02/26 v1.1c Bold Symbol Support (DPC/FMi)
\symboldoperators=\mathgroup6
\symboldletters=\mathgroup7
\symboldsymbols=\mathgroup8
LaTeX Font Info:    Redeclaring math alphabet \mathbf on input line 138.
LaTeX Info: Redefining \bm on input line 204.
)
(/usr/local/texlive/2013/texmf-dist/tex/latex/caption/subcaption.sty
Package: subcaption 2013/02/03 v1.1-62 Sub-captions (AR)

(/usr/local/texlive/2013/texmf-dist/tex/latex/caption/caption.sty
Package: caption 2013/05/02 v3.3-89 Customizing captions (AR)

(/usr/local/texlive/2013/texmf-dist/tex/latex/caption/caption3.sty
Package: caption3 2013/05/02 v1.6-88 caption3 kernel (AR)
Package caption3 Info: TeX engine: e-TeX on input line 57.
\captionmargin=\dimen186
\captionmargin@=\dimen187
\captionwidth=\dimen188
\caption@tempdima=\dimen189
\caption@indent=\dimen190
\caption@parindent=\dimen191
\caption@hangindent=\dimen192
)
\c@ContinuedFloat=\count135
Package caption Info: listings package is loaded.
)
\c@subfigure=\count136
\c@subtable=\count137
)
(/usr/local/texlive/2013/texmf-dist/tex/latex/oberdiek/grffile.sty
Package: grffile 2012/04/05 v1.16 Extended file name support for graphics (HO)
Package grffile Info: Option `multidot' is set to `true'.
Package grffile Info: Option `extendedchars' is set to `false'.
Package grffile Info: Option `space' is set to `true'.
Package grffile Info: \Gin@ii of package `graphicx' fixed on input line 486.
)
(/usr/local/texlive/2013/texmf-dist/tex/latex/float/float.sty
Package: float 2001/11/08 v1.3d Float enhancements (AL)
\c@float@type=\count138
\float@exts=\toks32
\float@box=\box40
\@float@everytoks=\toks33
\@floatcapt=\box41
)
(./PolygonSolidLogbook.aux

LaTeX Warning: Label `finitesize7' multiply defined.


LaTeX Warning: Label `finitesize7' multiply defined.


LaTeX Warning: Label `phi5' multiply defined.

)
\openout1 = `PolygonSolidLogbook.aux'.

LaTeX Font Info:    Checking defaults for OML/cmm/m/it on input line 20.
LaTeX Font Info:    ... okay on input line 20.
LaTeX Font Info:    Checking defaults for T1/cmr/m/n on input line 20.
LaTeX Font Info:    ... okay on input line 20.
LaTeX Font Info:    Checking defaults for OT1/cmr/m/n on input line 20.
LaTeX Font Info:    ... okay on input line 20.
LaTeX Font Info:    Checking defaults for OMS/cmsy/m/n on input line 20.
LaTeX Font Info:    ... okay on input line 20.
LaTeX Font Info:    Checking defaults for OMX/cmex/m/n on input line 20.
LaTeX Font Info:    ... okay on input line 20.
LaTeX Font Info:    Checking defaults for U/cmr/m/n on input line 20.
LaTeX Font Info:    ... okay on input line 20.

*geometry* driver: auto-detecting
*geometry* detected driver: pdftex
*geometry* verbose mode - [ preamble ] result:
* driver: pdftex
* paper: letterpaper
* layout: <same size as paper>
* layoutoffset:(h,v)=(0.0pt,0.0pt)
* modes: 
* h-part:(L,W,R)=(56.9055pt, 500.484pt, 56.9055pt)
* v-part:(T,H,B)=(85.35826pt, 624.25346pt, 85.35826pt)
* \paperwidth=614.295pt
* \paperheight=794.96999pt
* \textwidth=500.484pt
* \textheight=624.25346pt
* \oddsidemargin=-15.36449pt
* \evensidemargin=-15.36449pt
* \topmargin=-23.91173pt
* \headheight=12.0pt
* \headsep=25.0pt
* \topskip=12.0pt
* \footskip=30.0pt
* \marginparwidth=44.0pt
* \marginparsep=10.0pt
* \columnsep=10.0pt
* \skip\footins=10.8pt plus 4.0pt minus 2.0pt
* \hoffset=0.0pt
* \voffset=0.0pt
* \mag=1000
* \@twocolumnfalse
* \@twosidefalse
* \@mparswitchfalse
* \@reversemarginfalse
* (1in=72.27pt=25.4mm, 1cm=28.453pt)

(/usr/local/texlive/2013/texmf-dist/tex/context/base/supp-pdf.mkii
[Loading MPS to PDF converter (version 2006.09.02).]
\scratchcounter=\count139
\scratchdimen=\dimen193
\scratchbox=\box42
\nofMPsegments=\count140
\nofMParguments=\count141
\everyMPshowfont=\toks34
\MPscratchCnt=\count142
\MPscratchDim=\dimen194
\MPnumerator=\count143
\makeMPintoPDFobject=\count144
\everyMPtoPDFconversion=\toks35
)
\c@lstlisting=\count145
 ABD: EveryShipout initializing macros
Package caption Info: Begin \AtBeginDocument code.
Package caption Info: float package is loaded.
Package caption Info: End \AtBeginDocument code.
 (./PolygonSolidLogbook.toc)
\tf@toc=\write4
\openout4 = `PolygonSolidLogbook.toc'.

\c@entry=\count146
LaTeX Font Info:    Try loading font information for U+msa on input line 152.

(/usr/local/texlive/2013/texmf-dist/tex/latex/amsfonts/umsa.fd
File: umsa.fd 2013/01/14 v3.01 AMS symbols A
)
LaTeX Font Info:    Try loading font information for U+msb on input line 152.

(/usr/local/texlive/2013/texmf-dist/tex/latex/amsfonts/umsb.fd
File: umsb.fd 2013/01/14 v3.01 AMS symbols B
) [1{/usr/local/texlive/2013/texmf-var/fonts/map/pdftex/updmap/pdftex.map}

]
Overfull \hbox (1.79636pt too wide) in paragraph at lines 239--240
\OT1/cmr/m/n/12 ob-ject, I re-sorted to tak-ing cross sec-tions in the Bril-lou
in zone and plot-ting each of the $3\OML/cmm/m/it/12 n[]\OT1/cmr/m/n/12 (3\OML/
cmm/m/it/12 n[] \OT1/cmr/m/n/12 +
 []

[2]
</Users/jamesaan/Docs/Logfigures/N=[2500]_pfi=[0.8]_steps=[10000000.0]_xxyyxyth
thxyth_kx=0.pdf, id=23, 578.16pt x 433.62pt>
File: /Users/jamesaan/Docs/Logfigures/N=[2500]_pfi=[0.8]_steps=[10000000.0]_xxy
yxyththxyth_kx=0.pdf Graphic file (type pdf)

<use /Users/jamesaan/Docs/Logfigures/N=[2500]_pfi=[0.8]_steps=[10000000.0]_xxyy
xyththxyth_kx=0.pdf>
Package pdftex.def Info: /Users/jamesaan/Docs/Logfigures/N=[2500]_pfi=[0.8]_ste
ps=[10000000.0]_xxyyxyththxyth_kx=0.pdf used on input line 244.
(pdftex.def)             Requested size: 491.43832pt x 368.57874pt.
 [3 </Users/jamesaan/Docs/Logfigures/N=[2500]_pfi=[0.8]_steps=[10000000.0]_xxyy
xyththxyth_kx=0.pdf>] [4] [5]
</Users/jamesaan/Docs/Logfigures/N=[676]_pfi=[0.85]_steps=[3000000.0, 10000000.
0, 30000000.0]_xxyythth_kx=0.pdf, id=389, 578.16pt x 433.62pt>
File: /Users/jamesaan/Docs/Logfigures/N=[676]_pfi=[0.85]_steps=[3000000.0, 1000
0000.0, 30000000.0]_xxyythth_kx=0.pdf Graphic file (type pdf)

<use /Users/jamesaan/Docs/Logfigures/N=[676]_pfi=[0.85]_steps=[3000000.0, 10000
000.0, 30000000.0]_xxyythth_kx=0.pdf>
Package pdftex.def Info: /Users/jamesaan/Docs/Logfigures/N=[676]_pfi=[0.85]_ste
ps=[3000000.0, 10000000.0, 30000000.0]_xxyythth_kx=0.pdf used on input line 290
.
(pdftex.def)             Requested size: 491.43832pt x 368.57874pt.

</Users/jamesaan/Docs/Logfigures/N=[676]_pfi=[0.71]_steps=[3000000.0, 10000000.
0, 30000000.0]_yy_kx=0.pdf, id=390, 578.16pt x 433.62pt>
File: /Users/jamesaan/Docs/Logfigures/N=[676]_pfi=[0.71]_steps=[3000000.0, 1000
0000.0, 30000000.0]_yy_kx=0.pdf Graphic file (type pdf)

<use /Users/jamesaan/Docs/Logfigures/N=[676]_pfi=[0.71]_steps=[3000000.0, 10000
000.0, 30000000.0]_yy_kx=0.pdf>
Package pdftex.def Info: /Users/jamesaan/Docs/Logfigures/N=[676]_pfi=[0.71]_ste
ps=[3000000.0, 10000000.0, 30000000.0]_yy_kx=0.pdf used on input line 297.
(pdftex.def)             Requested size: 491.43832pt x 368.57874pt.
 [6 </Users/jamesaan/Docs/Logfigures/N=[676]_pfi=[0.85]_steps=[3000000.0, 10000
000.0, 30000000.0]_xxyythth_kx=0.pdf>]
</Users/jamesaan/Docs/Logfigures/N=[676]_pfi=[0.71]_steps=[3000000.0, 10000000.
0, 30000000.0]_thth_kx=0.pdf, id=691, 578.16pt x 433.62pt>
File: /Users/jamesaan/Docs/Logfigures/N=[676]_pfi=[0.71]_steps=[3000000.0, 1000
0000.0, 30000000.0]_thth_kx=0.pdf Graphic file (type pdf)

<use /Users/jamesaan/Docs/Logfigures/N=[676]_pfi=[0.71]_steps=[3000000.0, 10000
000.0, 30000000.0]_thth_kx=0.pdf>
Package pdftex.def Info: /Users/jamesaan/Docs/Logfigures/N=[676]_pfi=[0.71]_ste
ps=[3000000.0, 10000000.0, 30000000.0]_thth_kx=0.pdf used on input line 304.
(pdftex.def)             Requested size: 491.43832pt x 368.57874pt.
 [7 </Users/jamesaan/Docs/Logfigures/N=[676]_pfi=[0.71]_steps=[3000000.0, 10000
000.0, 30000000.0]_yy_kx=0.pdf>]
</Users/jamesaan/Docs/Logfigures/N=[676]_pfi=[0.7]_steps=[10000000.0, 30000000.
0]_yy_kx=0.pdf, id=830, 578.16pt x 433.62pt>
File: /Users/jamesaan/Docs/Logfigures/N=[676]_pfi=[0.7]_steps=[10000000.0, 3000
0000.0]_yy_kx=0.pdf Graphic file (type pdf)

<use /Users/jamesaan/Docs/Logfigures/N=[676]_pfi=[0.7]_steps=[10000000.0, 30000
000.0]_yy_kx=0.pdf>
Package pdftex.def Info: /Users/jamesaan/Docs/Logfigures/N=[676]_pfi=[0.7]_step
s=[10000000.0, 30000000.0]_yy_kx=0.pdf used on input line 311.
(pdftex.def)             Requested size: 491.43832pt x 368.57874pt.
 [8 </Users/jamesaan/Docs/Logfigures/N=[676]_pfi=[0.71]_steps=[3000000.0, 10000
000.0, 30000000.0]_thth_kx=0.pdf>]
</Users/jamesaan/Docs/Logfigures/N=[676]_pfi=[0.7]_steps=[3000000.0, 10000000.0
, 30000000.0]_thth_kx=0.pdf, id=971, 578.16pt x 433.62pt>
File: /Users/jamesaan/Docs/Logfigures/N=[676]_pfi=[0.7]_steps=[3000000.0, 10000
000.0, 30000000.0]_thth_kx=0.pdf Graphic file (type pdf)

<use /Users/jamesaan/Docs/Logfigures/N=[676]_pfi=[0.7]_steps=[3000000.0, 100000
00.0, 30000000.0]_thth_kx=0.pdf>
Package pdftex.def Info: /Users/jamesaan/Docs/Logfigures/N=[676]_pfi=[0.7]_step
s=[3000000.0, 10000000.0, 30000000.0]_thth_kx=0.pdf used on input line 318.
(pdftex.def)             Requested size: 491.43832pt x 368.57874pt.
 [9 </Users/jamesaan/Docs/Logfigures/N=[676]_pfi=[0.7]_steps=[10000000.0, 30000
000.0]_yy_kx=0.pdf>] [10 </Users/jamesaan/Docs/Logfigures/N=[676]_pfi=[0.7]_ste
ps=[3000000.0, 10000000.0, 30000000.0]_thth_kx=0.pdf>]
</Users/jamesaan/Docs/Logfigures/N=[676, 2500, 10000]_pfi=[0.8]_steps=[10000000
.0]_xxyy_kx=0.pdf, id=1224, 578.16pt x 433.62pt>
File: /Users/jamesaan/Docs/Logfigures/N=[676, 2500, 10000]_pfi=[0.8]_steps=[100
00000.0]_xxyy_kx=0.pdf Graphic file (type pdf)

<use /Users/jamesaan/Docs/Logfigures/N=[676, 2500, 10000]_pfi=[0.8]_steps=[1000
0000.0]_xxyy_kx=0.pdf>
Package pdftex.def Info: /Users/jamesaan/Docs/Logfigures/N=[676, 2500, 10000]_p
fi=[0.8]_steps=[10000000.0]_xxyy_kx=0.pdf used on input line 335.
(pdftex.def)             Requested size: 491.43832pt x 368.57874pt.

</Users/jamesaan/Docs/Logfigures/N=[676, 2500, 10000]_pfi=[0.8]_steps=[10000000
.0]_thth_kx=0.pdf, id=1225, 578.16pt x 433.62pt>
File: /Users/jamesaan/Docs/Logfigures/N=[676, 2500, 10000]_pfi=[0.8]_steps=[100
00000.0]_thth_kx=0.pdf Graphic file (type pdf)

<use /Users/jamesaan/Docs/Logfigures/N=[676, 2500, 10000]_pfi=[0.8]_steps=[1000
0000.0]_thth_kx=0.pdf>
Package pdftex.def Info: /Users/jamesaan/Docs/Logfigures/N=[676, 2500, 10000]_p
fi=[0.8]_steps=[10000000.0]_thth_kx=0.pdf used on input line 342.
(pdftex.def)             Requested size: 491.43832pt x 368.57874pt.
 [11 </Users/jamesaan/Docs/Logfigures/N=[676, 2500, 10000]_pfi=[0.8]_steps=[100
00000.0]_xxyy_kx=0.pdf>]
</Users/jamesaan/Docs/Logfigures/N=[676, 2500, 10000]_pfi=[0.71]_steps=[1000000
0.0]_xxyy_kx=0.pdf, id=1640, 578.16pt x 433.62pt>
File: /Users/jamesaan/Docs/Logfigures/N=[676, 2500, 10000]_pfi=[0.71]_steps=[10
000000.0]_xxyy_kx=0.pdf Graphic file (type pdf)

<use /Users/jamesaan/Docs/Logfigures/N=[676, 2500, 10000]_pfi=[0.71]_steps=[100
00000.0]_xxyy_kx=0.pdf>
Package pdftex.def Info: /Users/jamesaan/Docs/Logfigures/N=[676, 2500, 10000]_p
fi=[0.71]_steps=[10000000.0]_xxyy_kx=0.pdf used on input line 349.
(pdftex.def)             Requested size: 491.43832pt x 368.57874pt.
 [12 </Users/jamesaan/Docs/Logfigures/N=[676, 2500, 10000]_pfi=[0.8]_steps=[100
00000.0]_thth_kx=0.pdf>]
</Users/jamesaan/Docs/Logfigures/N=[2500, 10000]_pfi=[0.71]_steps=[10000000.0]_
xxyy_kx=0.pdf, id=1879, 578.16pt x 433.62pt>
File: /Users/jamesaan/Docs/Logfigures/N=[2500, 10000]_pfi=[0.71]_steps=[1000000
0.0]_xxyy_kx=0.pdf Graphic file (type pdf)

<use /Users/jamesaan/Docs/Logfigures/N=[2500, 10000]_pfi=[0.71]_steps=[10000000
.0]_xxyy_kx=0.pdf>
Package pdftex.def Info: /Users/jamesaan/Docs/Logfigures/N=[2500, 10000]_pfi=[0
.71]_steps=[10000000.0]_xxyy_kx=0.pdf used on input line 356.
(pdftex.def)             Requested size: 491.43832pt x 368.57874pt.
 [13 </Users/jamesaan/Docs/Logfigures/N=[676, 2500, 10000]_pfi=[0.71]_steps=[10
000000.0]_xxyy_kx=0.pdf>]
</Users/jamesaan/Docs/Logfigures/N=[10000]_pfi=[0.71]_steps=[10000000.0]_xxyy_k
x=0.pdf, id=2294, 578.16pt x 433.62pt>
File: /Users/jamesaan/Docs/Logfigures/N=[10000]_pfi=[0.71]_steps=[10000000.0]_x
xyy_kx=0.pdf Graphic file (type pdf)

<use /Users/jamesaan/Docs/Logfigures/N=[10000]_pfi=[0.71]_steps=[10000000.0]_xx
yy_kx=0.pdf>
Package pdftex.def Info: /Users/jamesaan/Docs/Logfigures/N=[10000]_pfi=[0.71]_s
teps=[10000000.0]_xxyy_kx=0.pdf used on input line 363.
(pdftex.def)             Requested size: 491.43832pt x 368.57874pt.
 [14 </Users/jamesaan/Docs/Logfigures/N=[2500, 10000]_pfi=[0.71]_steps=[1000000
0.0]_xxyy_kx=0.pdf>]
</Users/jamesaan/Docs/Logfigures/N=[676, 2500, 10000]_pfi=[0.71]_steps=[1000000
0.0]_thth_kx=0.pdf, id=2653, 578.16pt x 433.62pt>
File: /Users/jamesaan/Docs/Logfigures/N=[676, 2500, 10000]_pfi=[0.71]_steps=[10
000000.0]_thth_kx=0.pdf Graphic file (type pdf)

<use /Users/jamesaan/Docs/Logfigures/N=[676, 2500, 10000]_pfi=[0.71]_steps=[100
00000.0]_thth_kx=0.pdf>
Package pdftex.def Info: /Users/jamesaan/Docs/Logfigures/N=[676, 2500, 10000]_p
fi=[0.71]_steps=[10000000.0]_thth_kx=0.pdf used on input line 370.
(pdftex.def)             Requested size: 491.43832pt x 368.57874pt.
 [15 </Users/jamesaan/Docs/Logfigures/N=[10000]_pfi=[0.71]_steps=[10000000.0]_x
xyy_kx=0.pdf>]
</Users/jamesaan/Docs/Logfigures/N=[676, 2500, 10000]_pfi=[0.7]_steps=[10000000
.0]_xxyy_kx=0.pdf, id=2909, 578.16pt x 433.62pt>
File: /Users/jamesaan/Docs/Logfigures/N=[676, 2500, 10000]_pfi=[0.7]_steps=[100
00000.0]_xxyy_kx=0.pdf Graphic file (type pdf)

<use /Users/jamesaan/Docs/Logfigures/N=[676, 2500, 10000]_pfi=[0.7]_steps=[1000
0000.0]_xxyy_kx=0.pdf>
Package pdftex.def Info: /Users/jamesaan/Docs/Logfigures/N=[676, 2500, 10000]_p
fi=[0.7]_steps=[10000000.0]_xxyy_kx=0.pdf used on input line 377.
(pdftex.def)             Requested size: 491.43832pt x 368.57874pt.
 [16 </Users/jamesaan/Docs/Logfigures/N=[676, 2500, 10000]_pfi=[0.71]_steps=[10
000000.0]_thth_kx=0.pdf>]
</Users/jamesaan/Docs/Logfigures/N=[10000]_pfi=[0.7]_steps=[10000000.0]_xxyy_kx
=0.pdf, id=3149, 578.16pt x 433.62pt>
File: /Users/jamesaan/Docs/Logfigures/N=[10000]_pfi=[0.7]_steps=[10000000.0]_xx
yy_kx=0.pdf Graphic file (type pdf)

<use /Users/jamesaan/Docs/Logfigures/N=[10000]_pfi=[0.7]_steps=[10000000.0]_xxy
y_kx=0.pdf>
Package pdftex.def Info: /Users/jamesaan/Docs/Logfigures/N=[10000]_pfi=[0.7]_st
eps=[10000000.0]_xxyy_kx=0.pdf used on input line 384.
(pdftex.def)             Requested size: 491.43832pt x 368.57874pt.
 [17 </Users/jamesaan/Docs/Logfigures/N=[676, 2500, 10000]_pfi=[0.7]_steps=[100
00000.0]_xxyy_kx=0.pdf>]
</Users/jamesaan/Docs/Logfigures/N=[676, 2500, 10000]_pfi=[0.7]_steps=[10000000
.0]_thth_kx=0.pdf, id=3565, 578.16pt x 433.62pt>
File: /Users/jamesaan/Docs/Logfigures/N=[676, 2500, 10000]_pfi=[0.7]_steps=[100
00000.0]_thth_kx=0.pdf Graphic file (type pdf)

<use /Users/jamesaan/Docs/Logfigures/N=[676, 2500, 10000]_pfi=[0.7]_steps=[1000
0000.0]_thth_kx=0.pdf>
Package pdftex.def Info: /Users/jamesaan/Docs/Logfigures/N=[676, 2500, 10000]_p
fi=[0.7]_steps=[10000000.0]_thth_kx=0.pdf used on input line 391.
(pdftex.def)             Requested size: 491.43832pt x 368.57874pt.
 [18 </Users/jamesaan/Docs/Logfigures/N=[10000]_pfi=[0.7]_steps=[10000000.0]_xx
yy_kx=0.pdf>] [19 </Users/jamesaan/Docs/Logfigures/N=[676, 2500, 10000]_pfi=[0.
7]_steps=[10000000.0]_thth_kx=0.pdf>]
</Users/jamesaan/Docs/Logfigures/N=[2500]_pfi=[0.8, 0.79, 0.78, 0.77, 0.76, 0.7
5, 0.74, 0.73, 0.72, 0.715, 0.71]_steps=[10000000.0]_yy_kx=0.pdf, id=4059, 578.
16pt x 433.62pt>
File: /Users/jamesaan/Docs/Logfigures/N=[2500]_pfi=[0.8, 0.79, 0.78, 0.77, 0.76
, 0.75, 0.74, 0.73, 0.72, 0.715, 0.71]_steps=[10000000.0]_yy_kx=0.pdf Graphic f
ile (type pdf)

<use /Users/jamesaan/Docs/Logfigures/N=[2500]_pfi=[0.8, 0.79, 0.78, 0.77, 0.76,
 0.75, 0.74, 0.73, 0.72, 0.715, 0.71]_steps=[10000000.0]_yy_kx=0.pdf>
Package pdftex.def Info: /Users/jamesaan/Docs/Logfigures/N=[2500]_pfi=[0.8, 0.7
9, 0.78, 0.77, 0.76, 0.75, 0.74, 0.73, 0.72, 0.715, 0.71]_steps=[10000000.0]_yy
_kx=0.pdf used on input line 405.
(pdftex.def)             Requested size: 491.43832pt x 368.57874pt.

</Users/jamesaan/Docs/Logfigures/N=[2500]_pfi=[0.8, 0.79, 0.78, 0.77, 0.76, 0.7
5, 0.74, 0.73, 0.72, 0.715, 0.71]_steps=[10000000.0]_thth_kx=0.pdf, id=4060, 57
8.16pt x 433.62pt>
File: /Users/jamesaan/Docs/Logfigures/N=[2500]_pfi=[0.8, 0.79, 0.78, 0.77, 0.76
, 0.75, 0.74, 0.73, 0.72, 0.715, 0.71]_steps=[10000000.0]_thth_kx=0.pdf Graphic
 file (type pdf)

<use /Users/jamesaan/Docs/Logfigures/N=[2500]_pfi=[0.8, 0.79, 0.78, 0.77, 0.76,
 0.75, 0.74, 0.73, 0.72, 0.715, 0.71]_steps=[10000000.0]_thth_kx=0.pdf>
Package pdftex.def Info: /Users/jamesaan/Docs/Logfigures/N=[2500]_pfi=[0.8, 0.7
9, 0.78, 0.77, 0.76, 0.75, 0.74, 0.73, 0.72, 0.715, 0.71]_steps=[10000000.0]_th
th_kx=0.pdf used on input line 412.
(pdftex.def)             Requested size: 491.43832pt x 368.57874pt.

[20 </Users/jamesaan/Docs/Logfigures/N=[2500]_pfi=[0.8, 0.79, 0.78, 0.77, 0.76,
 0.75, 0.74, 0.73, 0.72, 0.715, 0.71]_steps=[10000000.0]_yy_kx=0.pdf>]
</Users/jamesaan/Docs/Logfigures/N=[2500]_pfi=[0.71, 0.709, 0.708, 0.707, 0.706
, 0.705, 0.704, 0.703, 0.702, 0.701, 0.7]_steps=[10000000.0]_thth_kx=0.pdf, id=
4678, 578.16pt x 433.62pt>
File: /Users/jamesaan/Docs/Logfigures/N=[2500]_pfi=[0.71, 0.709, 0.708, 0.707, 
0.706, 0.705, 0.704, 0.703, 0.702, 0.701, 0.7]_steps=[10000000.0]_thth_kx=0.pdf
 Graphic file (type pdf)

<use /Users/jamesaan/Docs/Logfigures/N=[2500]_pfi=[0.71, 0.709, 0.708, 0.707, 0
.706, 0.705, 0.704, 0.703, 0.702, 0.701, 0.7]_steps=[10000000.0]_thth_kx=0.pdf>
Package pdftex.def Info: /Users/jamesaan/Docs/Logfigures/N=[2500]_pfi=[0.71, 0.
709, 0.708, 0.707, 0.706, 0.705, 0.704, 0.703, 0.702, 0.701, 0.7]_steps=[100000
00.0]_thth_kx=0.pdf used on input line 419.
(pdftex.def)             Requested size: 491.43832pt x 368.57874pt.
[21 </Users/jamesaan/Docs/Logfigures/N=[2500]_pfi=[0.8, 0.79, 0.78, 0.77, 0.76,
 0.75, 0.74, 0.73, 0.72, 0.715, 0.71]_steps=[10000000.0]_thth_kx=0.pdf>]
</Users/jamesaan/Docs/Logfigures/N=[10000]_pfi=[0.8, 0.75, 0.71]_steps=[1000000
0.0]_yy_kx=0.pdf, id=5307, 578.16pt x 433.62pt>
File: /Users/jamesaan/Docs/Logfigures/N=[10000]_pfi=[0.8, 0.75, 0.71]_steps=[10
000000.0]_yy_kx=0.pdf Graphic file (type pdf)

<use /Users/jamesaan/Docs/Logfigures/N=[10000]_pfi=[0.8, 0.75, 0.71]_steps=[100
00000.0]_yy_kx=0.pdf>
Package pdftex.def Info: /Users/jamesaan/Docs/Logfigures/N=[10000]_pfi=[0.8, 0.
75, 0.71]_steps=[10000000.0]_yy_kx=0.pdf used on input line 426.
(pdftex.def)             Requested size: 491.43832pt x 368.57874pt.
 [22 </Users/jamesaan/Docs/Logfigures/N=[2500]_pfi=[0.71, 0.709, 0.708, 0.707, 
0.706, 0.705, 0.704, 0.703, 0.702, 0.701, 0.7]_steps=[10000000.0]_thth_kx=0.pdf
>]
</Users/jamesaan/Docs/Logfigures/N=[10000]_pfi=[0.71, 0.7, 0.69, 0.68]_steps=[1
0000000.0]_yy_kx=0.pdf, id=5936, 578.16pt x 433.62pt>
File: /Users/jamesaan/Docs/Logfigures/N=[10000]_pfi=[0.71, 0.7, 0.69, 0.68]_ste
ps=[10000000.0]_yy_kx=0.pdf Graphic file (type pdf)

<use /Users/jamesaan/Docs/Logfigures/N=[10000]_pfi=[0.71, 0.7, 0.69, 0.68]_step
s=[10000000.0]_yy_kx=0.pdf>
Package pdftex.def Info: /Users/jamesaan/Docs/Logfigures/N=[10000]_pfi=[0.71, 0
.7, 0.69, 0.68]_steps=[10000000.0]_yy_kx=0.pdf used on input line 433.
(pdftex.def)             Requested size: 491.43832pt x 368.57874pt.
 [23 </Users/jamesaan/Docs/Logfigures/N=[10000]_pfi=[0.8, 0.75, 0.71]_steps=[10
000000.0]_yy_kx=0.pdf>]
</Users/jamesaan/Docs/Logfigures/N=[10000]_pfi=[0.8, 0.75, 0.71, 0.7, 0.69, 0.6
8]_steps=[10000000.0]_thth_kx=0.pdf, id=6295, 578.16pt x 433.62pt>
File: /Users/jamesaan/Docs/Logfigures/N=[10000]_pfi=[0.8, 0.75, 0.71, 0.7, 0.69
, 0.68]_steps=[10000000.0]_thth_kx=0.pdf Graphic file (type pdf)

<use /Users/jamesaan/Docs/Logfigures/N=[10000]_pfi=[0.8, 0.75, 0.71, 0.7, 0.69,
 0.68]_steps=[10000000.0]_thth_kx=0.pdf>
Package pdftex.def Info: /Users/jamesaan/Docs/Logfigures/N=[10000]_pfi=[0.8, 0.
75, 0.71, 0.7, 0.69, 0.68]_steps=[10000000.0]_thth_kx=0.pdf used on input line 
440.
(pdftex.def)             Requested size: 491.43832pt x 368.57874pt.
 [24 </Users/jamesaan/Docs/Logfigures/N=[10000]_pfi=[0.71, 0.7, 0.69, 0.68]_ste
ps=[10000000.0]_yy_kx=0.pdf>]
</Users/jamesaan/Docs/Logfigures/N=[10000]_pfi=[0.7, 0.69, 0.68]_steps=[1000000
0.0]_thth_kx=0.pdf, id=6756, 578.16pt x 433.62pt>
File: /Users/jamesaan/Docs/Logfigures/N=[10000]_pfi=[0.7, 0.69, 0.68]_steps=[10
000000.0]_thth_kx=0.pdf Graphic file (type pdf)

<use /Users/jamesaan/Docs/Logfigures/N=[10000]_pfi=[0.7, 0.69, 0.68]_steps=[100
00000.0]_thth_kx=0.pdf>
Package pdftex.def Info: /Users/jamesaan/Docs/Logfigures/N=[10000]_pfi=[0.7, 0.
69, 0.68]_steps=[10000000.0]_thth_kx=0.pdf used on input line 447.
(pdftex.def)             Requested size: 491.43832pt x 368.57874pt.
 [25 </Users/jamesaan/Docs/Logfigures/N=[10000]_pfi=[0.8, 0.75, 0.71, 0.7, 0.69
, 0.68]_steps=[10000000.0]_thth_kx=0.pdf>] [26 </Users/jamesaan/Docs/Logfigures
/N=[10000]_pfi=[0.7, 0.69, 0.68]_steps=[10000000.0]_thth_kx=0.pdf>] [27] [28] [
29] (./PolygonSolidLogbook.aux)

LaTeX Warning: There were multiply-defined labels.

 ) 
Here is how much of TeX's memory you used:
 14916 strings out of 493315
 283956 string characters out of 6137904
 331410 words of memory out of 5000000
 18059 multiletter control sequences out of 15000+600000
 12359 words of font info for 45 fonts, out of 8000000 for 9000
 957 hyphenation exceptions out of 8191
 56i,9n,57p,1095b,295s stack positions out of 5000i,500n,10000p,200000b,80000s
</usr/local/texlive/2013/texmf-dist/fonts/type1/public/amsfonts/cm/cmbx12.pfb
></usr/local/texlive/2013/texmf-dist/fonts/type1/public/amsfonts/cm/cmbx8.pfb><
/usr/local/texlive/2013/texmf-dist/fonts/type1/public/amsfonts/cm/cmex10.pfb></
usr/local/texlive/2013/texmf-dist/fonts/type1/public/amsfonts/cm/cmmi12.pfb></u
sr/local/texlive/2013/texmf-dist/fonts/type1/public/amsfonts/cm/cmmi6.pfb></usr
/local/texlive/2013/texmf-dist/fonts/type1/public/amsfonts/cm/cmmi8.pfb></usr/l
ocal/texlive/2013/texmf-dist/fonts/type1/public/amsfonts/cm/cmmib10.pfb></usr/l
ocal/texlive/2013/texmf-dist/fonts/type1/public/amsfonts/cm/cmr12.pfb></usr/loc
al/texlive/2013/texmf-dist/fonts/type1/public/amsfonts/cm/cmr8.pfb></usr/local/
texlive/2013/texmf-dist/fonts/type1/public/amsfonts/cm/cmsl12.pfb></usr/local/t
exlive/2013/texmf-dist/fonts/type1/public/amsfonts/cm/cmsy10.pfb></usr/local/te
xlive/2013/texmf-dist/fonts/type1/public/amsfonts/cm/cmsy8.pfb></usr/local/texl
ive/2013/texmf-dist/fonts/type1/public/amsfonts/cm/cmti12.pfb>
Output written on PolygonSolidLogbook.pdf (29 pages, 2298558 bytes).
PDF statistics:
 7842 PDF objects out of 8907 (max. 8388607)
 239 compressed objects within 3 object streams
 0 named destinations out of 1000 (max. 500000)
 123 words of extra memory for PDF output out of 10000 (max. 10000000)

